处理样本: A02_RD14-0003-50_29_30_31-1;1;2;1-M3c-0.075IP-Q0.5_001.5sec.fsa
开始时间: 2025-06-01 23:38:32
================================================================================
步骤1: 生成基因座峰高矩阵
步骤2: 获取预测贡献者数量
  预测贡献者人数: 4
步骤3: 开始优化计算
开始按基因座优化，贡献者人数k=4
将使用第一个基因座作为全局参考基准

处理基因座 'D8S1179'，原始总峰高=225.0
  考虑3060种组合（去重后）...完成! 最小残差=0.4472
  设为全局参考比例: [0.1993 0.2304 0.243  0.3274]
  贡献者基因型组合:
    贡献者1: 15×1 + 16×1
    贡献者2: 13×1 + 15×1
    贡献者3: 11×1 + 13×1
    贡献者4: 10×1 + 16×1

处理基因座 'D21S11'，原始总峰高=144.0
  考虑3060种组合（去重后）...完成! 最小残差=0.4472
  调整后比例: [0.1937 0.2597 0.2625 0.284 ]
  贡献者基因型组合:
    贡献者1: 31.2×2
    贡献者2: 29×2
    贡献者3: 32.2×1 + 33.2×1
    贡献者4: 28×2

处理基因座 'D7S820'，原始总峰高=125.0
  考虑715种组合（去重后）...完成! 最小残差=0.5000
  调整后比例: [0.208 0.213 0.233 0.346]
  贡献者基因型组合:
    贡献者1: 13×2
    贡献者2: 12×2
    贡献者3: 8×2
    贡献者4: 11×1 + 13×1

处理基因座 'CSF1PO'，原始总峰高=227.0
  考虑3060种组合（去重后）...完成! 最小残差=0.4473
  调整后比例: [0.1793 0.2101 0.2762 0.3344]
  贡献者基因型组合:
    贡献者1: 10×2
    贡献者2: 12×2
    贡献者3: 9×2
    贡献者4: 11×1 + 13×1

处理基因座 'D3S1358'，原始总峰高=526.0
  考虑715种组合（去重后）...完成! 最小残差=0.5000
  调整后比例: [0.1483 0.2191 0.2704 0.3622]
  贡献者基因型组合:
    贡献者1: 15×2
    贡献者2: 18×2
    贡献者3: 17×2
    贡献者4: 15×1 + 16×1

处理基因座 'TH01'，原始总峰高=398.0
  考虑3060种组合（去重后）...完成! 最小残差=0.4472
  调整后比例: [0.0163 0.1465 0.3307 0.5065]
  贡献者基因型组合:
    贡献者1: 9.3×2
    贡献者2: 9×2
    贡献者3: 8×1 + 9.3×1
    贡献者4: 6×1 + 7×1

处理基因座 'D13S317'，原始总峰高=284.0
  考虑15种组合（去重后）...完成! 最小残差=0.7071
  调整后比例: [0.2053 0.2053 0.2527 0.3367]
  贡献者基因型组合:
    贡献者1: 12×2
    贡献者2: 12×2
    贡献者3: 11×1 + 12×1
    贡献者4: 11×2

处理基因座 'D16S539'，原始总峰高=222.0
  考虑126种组合（去重后）...完成! 最小残差=0.5774
  调整后比例: [0.1885 0.2446 0.2664 0.3005]
  贡献者基因型组合:
    贡献者1: 13×2
    贡献者2: 12×1 + 13×1
    贡献者3: 11×2
    贡献者4: 11×1 + 12×1

处理基因座 'D2S1338'，原始总峰高=298.0
  考虑3060种组合（去重后）...完成! 最小残差=0.4472
  调整后比例: [0.1485 0.1703 0.2785 0.4027]
  贡献者基因型组合:
    贡献者1: 23×2
    贡献者2: 19×2
    贡献者3: 21×1 + 22×1
    贡献者4: 22×1 + 24×1

处理基因座 'D19S433'，原始总峰高=340.0
  考虑3060种组合（去重后）...完成! 最小残差=0.4472
  调整后比例: [0.1162 0.1456 0.2449 0.4934]
  贡献者基因型组合:
    贡献者1: 12×1 + 12.2×1
    贡献者2: 11×2
    贡献者3: 12.2×1 + 16×1
    贡献者4: 12×1 + 14×1

处理基因座 'vWA'，原始总峰高=273.0
  考虑715种组合（去重后）...完成! 最小残差=0.5000
  调整后比例: [0.1319 0.1745 0.2166 0.4771]
  贡献者基因型组合:
    贡献者1: 17×1 + 18×1
    贡献者2: 19×2
    贡献者3: 18×2
    贡献者4: 15×1 + 17×1

处理基因座 'TPOX'，原始总峰高=263.0
  考虑126种组合（去重后）...完成! 最小残差=0.5774
  调整后比例: [0.0963 0.2307 0.2307 0.4423]
  贡献者基因型组合:
    贡献者1: 8×1 + 10×1
    贡献者2: 8×1 + 11×1
    贡献者3: 8×1 + 11×1
    贡献者4: 10×1 + 11×1

处理基因座 'D18S51'，原始总峰高=150.0
  考虑715种组合（去重后）...完成! 最小残差=0.5000
  调整后比例: [0.0267 0.2117 0.3783 0.3833]
  贡献者基因型组合:
    贡献者1: 14×1 + 15×1
    贡献者2: 16×2
    贡献者3: 14×2
    贡献者4: 15×1 + 20×1

处理基因座 'AMEL'，原始总峰高=311.0
  考虑5种组合（去重后）...完成! 最小残差=0.7121
  调整后比例: [0. 0. 0. 1.]
  贡献者基因型组合:
    贡献者1: X×2
    贡献者2: X×2
    贡献者3: X×2
    贡献者4: X×1 + Y×1

处理基因座 'D5S818'，原始总峰高=271.0
  考虑715种组合（去重后）...完成! 最小残差=0.5000
  调整后比例: [0.2136 0.2136 0.28   0.2929]
  贡献者基因型组合:
    贡献者1: 10×1 + 13×1
    贡献者2: 12×1 + 13×1
    贡献者3: 10×1 + 12×1
    贡献者4: 11×2

处理基因座 'FGA'，原始总峰高=234.0
  考虑31465种组合（去重后）...完成! 最小残差=0.3780
  调整后比例: [0.1291 0.1684 0.3245 0.378 ]
  贡献者基因型组合:
    贡献者1: 27×2
    贡献者2: 20×1 + 25×1
    贡献者3: 19×1 + 24×1
    贡献者4: 22×1 + 23×1

所有基因座处理完成，开始加权平均
最终混合比例: [0.1341 0.1865 0.2537 0.4257]
比例总和: 1.0000
步骤4: 记录优化结果
最终估计比例: [0.1341 0.1865 0.2537 0.4257]
比例总和: 1.0000
权重分布: [0.0581 0.0465 0.0433 0.0584 0.0889 0.0773 0.0653 0.0578 0.0669 0.0715
 0.064  0.0629 0.0475 0.0684 0.0638 0.0593]
================================================================================
结束时间: 2025-06-01 23:39:41
结果已保存到: result/A02_RD14-0003-50_29_30_31-1;1;2;1-M3c-0.075IP-Q0.5_001.5sec.fsa.log
