处理样本: A04_RD14-0003-40_41-1;4-M3e-0.155IP-Q0.8_001.5sec.fsa
开始时间: 2025-06-01 23:40:40
================================================================================
步骤1: 生成基因座峰高矩阵
步骤2: 获取预测贡献者数量
  预测贡献者人数: 2
步骤3: 开始优化计算
开始按基因座优化，贡献者人数k=2
将使用第一个基因座作为全局参考基准

处理基因座 'D8S1179'，原始总峰高=428.0
  考虑21种组合（去重后）...完成! 最小残差=0.5866
  设为全局参考比例: [0.3563 0.6437]
  贡献者基因型组合:
    贡献者1: 13×1 + 15×1
    贡献者2: 13×1 + 14×1

处理基因座 'D21S11'，原始总峰高=162.0
  考虑21种组合（去重后）...完成! 最小残差=0.5786
  调整后比例: [0.4722 0.5278]
  贡献者基因型组合:
    贡献者1: 29×1 + 35×1
    贡献者2: 31×1 + 35×1

处理基因座 'D7S820'，原始总峰高=152.0
  考虑1种组合（去重后）...完成! 最小残差=1.0000
  调整后比例: [0.5 0.5]
  贡献者基因型组合:
    贡献者1: 11×2
    贡献者2: 11×2

处理基因座 'CSF1PO'，原始总峰高=256.0
  考虑1种组合（去重后）...完成! 最小残差=1.0000
  调整后比例: [0.5 0.5]
  贡献者基因型组合:
    贡献者1: 12×2
    贡献者2: 12×2

处理基因座 'D3S1358'，原始总峰高=537.0
  考虑21种组合（去重后）...完成! 最小残差=0.5862
  调整后比例: [0.1946 0.8054]
  贡献者基因型组合:
    贡献者1: 15×2
    贡献者2: 16×1 + 17×1

处理基因座 'TH01'，原始总峰高=354.0
  考虑6种组合（去重后）...完成! 最小残差=0.7071
  调整后比例: [0.3249 0.6751]
  贡献者基因型组合:
    贡献者1: 8×2
    贡献者2: 7×2

处理基因座 'D13S317'，原始总峰高=462.0
  考虑6种组合（去重后）...完成! 最小残差=0.7071
  调整后比例: [0.4286 0.5714]
  贡献者基因型组合:
    贡献者1: 13×2
    贡献者2: 12×2

处理基因座 'D16S539'，原始总峰高=296.0
  考虑21种组合（去重后）...完成! 最小残差=0.5852
  调整后比例: [0.2648 0.7352]
  贡献者基因型组合:
    贡献者1: 11×2
    贡献者2: 9×1 + 13×1

处理基因座 'D2S1338'，原始总峰高=333.0
  考虑21种组合（去重后）...完成! 最小残差=0.5783
  调整后比例: [0.2072 0.7928]
  贡献者基因型组合:
    贡献者1: 19×2
    贡献者2: 20×1 + 22×1

处理基因座 'D19S433'，原始总峰高=532.0
  考虑55种组合（去重后）...完成! 最小残差=0.5113
  调整后比例: [0.3299 0.6701]
  贡献者基因型组合:
    贡献者1: 11×1 + 15.2×1
    贡献者2: 13×1 + 16.2×1

处理基因座 'vWA'，原始总峰高=323.0
  考虑21种组合（去重后）...完成! 最小残差=0.5910
  调整后比例: [0.3715 0.6285]
  贡献者基因型组合:
    贡献者1: 17×1 + 19×1
    贡献者2: 18×1 + 19×1

处理基因座 'TPOX'，原始总峰高=289.0
  考虑1种组合（去重后）...完成! 最小残差=1.0000
  调整后比例: [0.5 0.5]
  贡献者基因型组合:
    贡献者1: 8×2
    贡献者2: 8×2

处理基因座 'D18S51'，原始总峰高=227.0
  考虑55种组合（去重后）...完成! 最小残差=0.5141
  调整后比例: [0.3249 0.6751]
  贡献者基因型组合:
    贡献者1: 12×1 + 18×1
    贡献者2: 13×1 + 19×1

处理基因座 'AMEL'，原始总峰高=531.0
  考虑3种组合（去重后）...完成! 最小残差=0.7071
  调整后比例: [0.0047 0.9953]
  贡献者基因型组合:
    贡献者1: X×2
    贡献者2: X×1 + Y×1

处理基因座 'D5S818'，原始总峰高=329.0
  考虑21种组合（去重后）...完成! 最小残差=0.5782
  调整后比例: [0.3875 0.6125]
  贡献者基因型组合:
    贡献者1: 11×1 + 13×1
    贡献者2: 11×1 + 12×1

处理基因座 'FGA'，原始总峰高=269.0
  考虑55种组合（去重后）...完成! 最小残差=0.5042
  调整后比例: [0.3336 0.6664]
  贡献者基因型组合:
    贡献者1: 26×1 + 28×1
    贡献者2: 22×1 + 27×1

所有基因座处理完成，开始加权平均
最终混合比例: [0.3295 0.6705]
比例总和: 1.0000
步骤4: 记录优化结果
最终估计比例: [0.3295 0.6705]
比例总和: 1.0000
权重分布: [0.071  0.0437 0.0423 0.0549 0.0795 0.0646 0.0738 0.059  0.0626 0.0792
 0.0617 0.0583 0.0517 0.0791 0.0623 0.0563]
================================================================================
结束时间: 2025-06-01 23:40:40
结果已保存到: result/A04_RD14-0003-40_41-1;4-M3e-0.155IP-Q0.8_001.5sec.fsa.log
