处理样本: A04_RD14-0003-32_33_34_35-1;1;9;1-M2c-0.372IP-Q0.4_001.5sec.fsa
开始时间: 2025-06-01 23:39:41
================================================================================
步骤1: 生成基因座峰高矩阵
步骤2: 获取预测贡献者数量
  预测贡献者人数: 4
步骤3: 开始优化计算
开始按基因座优化，贡献者人数k=4
将使用第一个基因座作为全局参考基准

处理基因座 'D8S1179'，原始总峰高=1344.0
  考虑126种组合（去重后）...完成! 最小残差=0.5774
  设为全局参考比例: [0.2747 0.2675 0.2602 0.1975]
  贡献者基因型组合:
    贡献者1: 12×2
    贡献者2: 11×1 + 12×1
    贡献者3: 11×2
    贡献者4: 10×2

处理基因座 'D21S11'，原始总峰高=1127.0
  考虑15种组合（去重后）...完成! 最小残差=0.7071
  调整后比例: [0.327  0.327  0.327  0.0191]
  贡献者基因型组合:
    贡献者1: 28×1 + 31.2×1
    贡献者2: 28×1 + 31.2×1
    贡献者3: 28×1 + 31.2×1
    贡献者4: 28×2

处理基因座 'D7S820'，原始总峰高=791.0
  考虑126种组合（去重后）...完成! 最小残差=0.5774
  调整后比例: [0.2745 0.2559 0.2372 0.2324]
  贡献者基因型组合:
    贡献者1: 8×2
    贡献者2: 8×1 + 9×1
    贡献者3: 9×2
    贡献者4: 11×2

处理基因座 'CSF1PO'，原始总峰高=1331.0
  考虑126种组合（去重后）...完成! 最小残差=0.5774
  调整后比例: [0.3801 0.3236 0.1927 0.1036]
  贡献者基因型组合:
    贡献者1: 11×1 + 12×1
    贡献者2: 10×1 + 11×1
    贡献者3: 12×2
    贡献者4: 10×1 + 12×1

处理基因座 'D3S1358'，原始总峰高=1360.0
  考虑1种组合（去重后）...完成! 最小残差=1.0000
  调整后比例: [0.25 0.25 0.25 0.25]
  贡献者基因型组合:
    贡献者1: 15×2
    贡献者2: 15×2
    贡献者3: 15×2
    贡献者4: 15×2

处理基因座 'TH01'，原始总峰高=2197.0
  考虑126种组合（去重后）...完成! 最小残差=0.5774
  调整后比例: [0.2893 0.2691 0.2488 0.1928]
  贡献者基因型组合:
    贡献者1: 9.3×2
    贡献者2: 8×1 + 9.3×1
    贡献者3: 8×2
    贡献者4: 7×2

处理基因座 'D13S317'，原始总峰高=1758.0
  考虑15种组合（去重后）...完成! 最小残差=0.7071
  调整后比例: [0.5287 0.1636 0.1636 0.1441]
  贡献者基因型组合:
    贡献者1: 11×2
    贡献者2: 11×1 + 12×1
    贡献者3: 11×1 + 12×1
    贡献者4: 12×2

处理基因座 'D16S539'，原始总峰高=1428.0
  考虑126种组合（去重后）...完成! 最小残差=0.5774
  调整后比例: [0.6926 0.2304 0.0385 0.0385]
  贡献者基因型组合:
    贡献者1: 8×1 + 12×1
    贡献者2: 11×2
    贡献者3: 8×2
    贡献者4: 8×2

处理基因座 'D2S1338'，原始总峰高=1476.0
  考虑126种组合（去重后）...完成! 最小残差=0.5774
  调整后比例: [0.2708 0.2673 0.2637 0.1982]
  贡献者基因型组合:
    贡献者1: 17×2
    贡献者2: 17×1 + 19×1
    贡献者3: 19×2
    贡献者4: 22×2

处理基因座 'D19S433'，原始总峰高=1803.0
  考虑3060种组合（去重后）...完成! 最小残差=0.4472
  调整后比例: [0.5784 0.242  0.1416 0.038 ]
  贡献者基因型组合:
    贡献者1: 13×1 + 13.2×1
    贡献者2: 15×1 + 16.2×1
    贡献者3: 11×2
    贡献者4: 13×1 + 15×1

处理基因座 'vWA'，原始总峰高=1551.0
  考虑126种组合（去重后）...完成! 最小残差=0.5774
  调整后比例: [0.2721 0.2631 0.2324 0.2324]
  贡献者基因型组合:
    贡献者1: 16×1 + 18×1
    贡献者2: 16×1 + 17×1
    贡献者3: 17×1 + 18×1
    贡献者4: 17×1 + 18×1

处理基因座 'TPOX'，原始总峰高=1498.0
  考虑126种组合（去重后）...完成! 最小残差=0.5774
  调整后比例: [0.3796 0.2216 0.1994 0.1994]
  贡献者基因型组合:
    贡献者1: 12×2
    贡献者2: 11×2
    贡献者3: 6×1 + 11×1
    贡献者4: 6×1 + 11×1

处理基因座 'D18S51'，原始总峰高=1127.0
  考虑10626种组合（去重后）...完成! 最小残差=0.4083
  调整后比例: [0.3146 0.2441 0.2294 0.2119]
  贡献者基因型组合:
    贡献者1: 14×1 + 19×1
    贡献者2: 16×1 + 19×1
    贡献者3: 12×1 + 14×1
    贡献者4: 18×1 + 20×1

处理基因座 'AMEL'，原始总峰高=1323.0
  考虑5种组合（去重后）...完成! 最小残差=0.7133
  调整后比例: [1. 0. 0. 0.]
  贡献者基因型组合:
    贡献者1: X×1 + Y×1
    贡献者2: X×2
    贡献者3: X×2
    贡献者4: X×2

处理基因座 'D5S818'，原始总峰高=1354.0
  考虑126种组合（去重后）...完成! 最小残差=0.5774
  调整后比例: [0.2879 0.2879 0.225  0.1992]
  贡献者基因型组合:
    贡献者1: 12×1 + 13×1
    贡献者2: 12×1 + 13×1
    贡献者3: 11×1 + 12×1
    贡献者4: 11×1 + 13×1

处理基因座 'FGA'，原始总峰高=1014.0
  考虑126种组合（去重后）...完成! 最小残差=0.5774
  调整后比例: [0.5572 0.43   0.0064 0.0064]
  贡献者基因型组合:
    贡献者1: 24×2
    贡献者2: 21×1 + 23×1
    贡献者3: 23×2
    贡献者4: 23×2

所有基因座处理完成，开始加权平均
最终混合比例: [0.4186 0.2503 0.189  0.1421]
比例总和: 1.0000
步骤4: 记录优化结果
最终估计比例: [0.4186 0.2503 0.189  0.1421]
比例总和: 1.0000
权重分布: [0.0615 0.0563 0.0472 0.0612 0.0619 0.0787 0.0704 0.0634 0.0645 0.0713
 0.0661 0.065  0.0563 0.061  0.0618 0.0534]
================================================================================
结束时间: 2025-06-01 23:40:01
结果已保存到: result/A04_RD14-0003-32_33_34_35-1;1;9;1-M2c-0.372IP-Q0.4_001.5sec.fsa.log
