处理样本: A05_RD14-0003-46_47_48-1;1;1-M3I22-0.189IP-Q0.9_001.5sec.fsa
开始时间: 2025-06-01 23:07:25
================================================================================
步骤1: 生成基因座峰高矩阵
步骤2: 获取预测贡献者数量
  预测贡献者人数: 4
步骤3: 开始优化计算
开始按基因座优化，贡献者人数k=4
将使用第一个基因座作为全局参考基准

处理基因座 'D8S1179'，原始总峰高=800.0
  考虑126种组合（去重后）...完成! 最小残差=0.5774
  设为全局参考比例: [0.3614 0.1715 0.3894 0.0777]
  贡献者基因型组合:
    贡献者1: 13×1 + 14×1
    贡献者2: 13×2
    贡献者3: 11×1 + 14×1
    贡献者4: 11×1 + 13×1

处理基因座 'D21S11'，原始总峰高=464.0
  考虑10626种组合（去重后）...完成! 最小残差=0.4085
  调整后比例: [0.2927 0.2653 0.3202 0.1218]
  贡献者基因型组合:
    贡献者1: 27×1 + 31×1
    贡献者2: 29×1 + 32.2×1
    贡献者3: 30×1 + 31.2×1
    贡献者4: 29×1 + 30×1

处理基因座 'D7S820'，原始总峰高=460.0
  考虑715种组合（去重后）...完成! 最小残差=0.5000
  调整后比例: [0.3152 0.3022 0.3543 0.0283]
  贡献者基因型组合:
    贡献者1: 10×2
    贡献者2: 9×2
    贡献者3: 8×1 + 12×1
    贡献者4: 12×2

处理基因座 'CSF1PO'，原始总峰高=580.0
  考虑126种组合（去重后）...完成! 最小残差=0.5774
  调整后比例: [0.2514 0.2511 0.2514 0.246 ]
  贡献者基因型组合:
    贡献者1: 10×1 + 12×1
    贡献者2: 11×1 + 12×1
    贡献者3: 10×1 + 12×1
    贡献者4: 10×1 + 11×1

处理基因座 'D3S1358'，原始总峰高=579.0
  考虑126种组合（去重后）...完成! 最小残差=0.5774
  调整后比例: [0.3092 0.1484 0.3947 0.1477]
  贡献者基因型组合:
    贡献者1: 15×2
    贡献者2: 14×1 + 18×1
    贡献者3: 14×2
    贡献者4: 18×2

处理基因座 'TH01'，原始总峰高=959.0
  考虑126种组合（去重后）...完成! 最小残差=0.5774
  调整后比例: [0.3705 0.1086 0.4153 0.1055]
  贡献者基因型组合:
    贡献者1: 6×1 + 9×1
    贡献者2: 7×2
    贡献者3: 7×1 + 9×1
    贡献者4: 6×2

处理基因座 'D13S317'，原始总峰高=671.0
  考虑15种组合（去重后）...完成! 最小残差=0.7071
  调整后比例: [0.1624 0.1624 0.5318 0.1435]
  贡献者基因型组合:
    贡献者1: 11×1 + 12×1
    贡献者2: 11×1 + 12×1
    贡献者3: 12×2
    贡献者4: 11×2

处理基因座 'D16S539'，原始总峰高=735.0
  考虑715种组合（去重后）...完成! 最小残差=0.5000
  调整后比例: [0.3221 0.1762 0.3575 0.1442]
  贡献者基因型组合:
    贡献者1: 12×1 + 13×1
    贡献者2: 12×2
    贡献者3: 9×1 + 11×1
    贡献者4: 9×1 + 12×1

处理基因座 'D2S1338'，原始总峰高=559.0
  考虑126种组合（去重后）...完成! 最小残差=0.5774
  调整后比例: [0.1857 0.1857 0.5039 0.1246]
  贡献者基因型组合:
    贡献者1: 24×1 + 25×1
    贡献者2: 24×1 + 25×1
    贡献者3: 23×1 + 25×1
    贡献者4: 23×1 + 24×1

处理基因座 'D19S433'，原始总峰高=577.0
  考虑10626种组合（去重后）...完成! 最小残差=0.4084
  调整后比例: [0.2659 0.1992 0.3521 0.1828]
  贡献者基因型组合:
    贡献者1: 14×1 + 15×1
    贡献者2: 12×1 + 13×1
    贡献者3: 10×1 + 14.2×1
    贡献者4: 13×1 + 14×1

处理基因座 'vWA'，原始总峰高=513.0
  考虑126种组合（去重后）...完成! 最小残差=0.5774
  调整后比例: [0.2076 0.2076 0.4873 0.0975]
  贡献者基因型组合:
    贡献者1: 16×1 + 17×1
    贡献者2: 16×1 + 17×1
    贡献者3: 16×1 + 18×1
    贡献者4: 17×1 + 18×1

处理基因座 'TPOX'，原始总峰高=738.0
  考虑126种组合（去重后）...完成! 最小残差=0.5774
  调整后比例: [0.299  0.1553 0.4295 0.1162]
  贡献者基因型组合:
    贡献者1: 8×2
    贡献者2: 10×2
    贡献者3: 8×1 + 9×1
    贡献者4: 8×1 + 10×1

处理基因座 'D18S51'，原始总峰高=483.0
  考虑3060种组合（去重后）...完成! 最小残差=0.4472
  调整后比例: [0.3265 0.2025 0.3431 0.1279]
  贡献者基因型组合:
    贡献者1: 13×1 + 18×1
    贡献者2: 12×2
    贡献者3: 13×1 + 15×1
    贡献者4: 17×2

处理基因座 'AMEL'，原始总峰高=561.0
  考虑5种组合（去重后）...完成! 最小残差=0.7696
  调整后比例: [0.5 0.  0.5 0. ]
  贡献者基因型组合:
    贡献者1: X×1 + Y×1
    贡献者2: X×2
    贡献者3: X×1 + Y×1
    贡献者4: X×2

处理基因座 'D5S818'，原始总峰高=413.0
  考虑715种组合（去重后）...完成! 最小残差=0.5000
  调整后比例: [0.2906 0.1674 0.4292 0.1129]
  贡献者基因型组合:
    贡献者1: 11×1 + 12×1
    贡献者2: 13×2
    贡献者3: 11×1 + 14×1
    贡献者4: 12×2

处理基因座 'FGA'，原始总峰高=564.0
  考虑31465种组合（去重后）...完成! 最小残差=0.3782
  调整后比例: [0.3211 0.2608 0.3361 0.0821]
  贡献者基因型组合:
    贡献者1: 21×1 + 22×1
    贡献者2: 25×1 + 26×1
    贡献者3: 19×1 + 27×1
    贡献者4: 20×2

所有基因座处理完成，开始加权平均
最终混合比例: [0.3004 0.1822 0.4008 0.1166]
比例总和: 1.0000
步骤4: 记录优化结果
最终估计比例: [0.3004 0.1822 0.4008 0.1166]
比例总和: 1.0000
权重分布: [0.0724 0.0551 0.0549 0.0617 0.0616 0.0793 0.0663 0.0694 0.0605 0.0615
 0.058  0.0695 0.0563 0.0606 0.052  0.0608]
================================================================================
结束时间: 2025-06-01 23:08:43
结果已保存到: result/A05_RD14-0003-46_47_48-1;1;1-M3I22-0.189IP-Q0.9_001.5sec.fsa.log
