处理样本: A05_RD14-0003-30_31_32_33_34-1;1;1;1;1-M3I22-0.315IP-Q1.3_001.5sec.fsa
开始时间: 2025-06-01 23:08:46
================================================================================
步骤1: 生成基因座峰高矩阵
步骤2: 获取预测贡献者数量
  预测贡献者人数: 5
步骤3: 开始优化计算
开始按基因座优化，贡献者人数k=5
将使用第一个基因座作为全局参考基准

处理基因座 'D8S1179'，原始总峰高=770.0
  考虑11628种组合（去重后）...完成! 最小残差=0.4472
  设为全局参考比例: [0.126  0.1299 0.2597 0.2948 0.1896]
  贡献者基因型组合:
    贡献者1: 16×2
    贡献者2: 14×2
    贡献者3: 12×1 + 13×1
    贡献者4: 11×1 + 13×1
    贡献者5: 11×1 + 12×1

处理基因座 'D21S11'，原始总峰高=835.0
  考虑2002种组合（去重后）...完成! 最小残差=0.5000
  调整后比例: [0.1302 0.1647 0.2004 0.3147 0.19  ]
  贡献者基因型组合:
    贡献者1: 29×1 + 31.2×1
    贡献者2: 31.2×2
    贡献者3: 31×2
    贡献者4: 28×1 + 29×1
    贡献者5: 29×2

处理基因座 'D7S820'，原始总峰高=686.0
  考虑252种组合（去重后）...完成! 最小残差=0.5774
  调整后比例: [0.1198 0.1198 0.284  0.284  0.1924]
  贡献者基因型组合:
    贡献者1: 8×2
    贡献者2: 8×2
    贡献者3: 11×1 + 13×1
    贡献者4: 11×1 + 13×1
    贡献者5: 11×2

处理基因座 'CSF1PO'，原始总峰高=734.0
  考虑2002种组合（去重后）...完成! 最小残差=0.5000
  调整后比例: [0.1335 0.1727 0.2037 0.3174 0.1727]
  贡献者基因型组合:
    贡献者1: 10×1 + 11×1
    贡献者2: 11×1 + 13×1
    贡献者3: 10×1 + 12×1
    贡献者4: 12×2
    贡献者5: 11×1 + 13×1

处理基因座 'D3S1358'，原始总峰高=1315.0
  考虑252种组合（去重后）...完成! 最小残差=0.5774
  调整后比例: [0.1437 0.1572 0.2575 0.2844 0.1572]
  贡献者基因型组合:
    贡献者1: 16×1 + 17×1
    贡献者2: 15×1 + 17×1
    贡献者3: 16×2
    贡献者4: 15×2
    贡献者5: 15×1 + 17×1

处理基因座 'TH01'，原始总峰高=1079.0
  考虑2002种组合（去重后）...完成! 最小残差=0.5000
  调整后比例: [0.0919 0.0919 0.2691 0.34   0.207 ]
  贡献者基因型组合:
    贡献者1: 6×2
    贡献者2: 6×2
    贡献者3: 9×2
    贡献者4: 9.3×2
    贡献者5: 7×2

处理基因座 'D13S317'，原始总峰高=1486.0
  考虑252种组合（去重后）...完成! 最小残差=0.5774
  调整后比例: [0.1074 0.1074 0.1229 0.555  0.1074]
  贡献者基因型组合:
    贡献者1: 12×1 + 13×1
    贡献者2: 12×1 + 13×1
    贡献者3: 11×1 + 13×1
    贡献者4: 11×1 + 12×1
    贡献者5: 12×1 + 13×1

处理基因座 'D16S539'，原始总峰高=1263.0
  考虑11628种组合（去重后）...完成! 最小残差=0.4472
  调整后比例: [0.1358 0.1713 0.2354 0.2396 0.218 ]
  贡献者基因型组合:
    贡献者1: 11×2
    贡献者2: 10×2
    贡献者3: 12×2
    贡献者4: 8×1 + 11×1
    贡献者5: 13×2

处理基因座 'D2S1338'，原始总峰高=984.0
  考虑252种组合（去重后）...完成! 最小残差=0.5774
  调整后比例: [0.103  0.103  0.277  0.3795 0.1376]
  贡献者基因型组合:
    贡献者1: 17×1 + 19×1
    贡献者2: 17×1 + 19×1
    贡献者3: 19×1 + 22×1
    贡献者4: 17×1 + 22×1
    贡献者5: 19×2

处理基因座 'D19S433'，原始总峰高=802.0
  考虑658008种组合（去重后）...完成! 最小残差=0.3540
  调整后比例: [0.0711 0.1649 0.2203 0.3534 0.1903]
  贡献者基因型组合:
    贡献者1: 12.2×2
    贡献者2: 12×1 + 12.2×1
    贡献者3: 14×1 + 16×1
    贡献者4: 11×1 + 13×1
    贡献者5: 13.2×1 + 15×1

处理基因座 'vWA'，原始总峰高=910.0
  考虑2002种组合（去重后）...完成! 最小残差=0.5000
  调整后比例: [0.1107 0.1107 0.2099 0.4544 0.1143]
  贡献者基因型组合:
    贡献者1: 16×1 + 17×1
    贡献者2: 16×1 + 17×1
    贡献者3: 17×1 + 18×1
    贡献者4: 15×1 + 18×1
    贡献者5: 16×2

处理基因座 'TPOX'，原始总峰高=774.0
  考虑2002种组合（去重后）...完成! 最小残差=0.5000
  调整后比例: [0.0627 0.0642 0.277  0.3492 0.2469]
  贡献者基因型组合:
    贡献者1: 6×2
    贡献者2: 12×2
    贡献者3: 6×1 + 8×1
    贡献者4: 11×2
    贡献者5: 8×1 + 12×1

处理基因座 'D18S51'，原始总峰高=826.0
  考虑2002种组合（去重后）...完成! 最小残差=0.5000
  调整后比例: [0.0946 0.0946 0.2515 0.3532 0.2061]
  贡献者基因型组合:
    贡献者1: 12×2
    贡献者2: 12×2
    贡献者3: 16×2
    贡献者4: 14×2
    贡献者5: 15×2

处理基因座 'AMEL'，原始总峰高=642.0
  考虑6种组合（去重后）...完成! 最小残差=0.7094
  调整后比例: [0. 0. 0. 1. 0.]
  贡献者基因型组合:
    贡献者1: X×2
    贡献者2: X×2
    贡献者3: X×2
    贡献者4: X×1 + Y×1
    贡献者5: X×2

处理基因座 'D5S818'，原始总峰高=736.0
  考虑2002种组合（去重后）...完成! 最小残差=0.5000
  调整后比例: [0.1563 0.1643 0.2309 0.2446 0.2039]
  贡献者基因型组合:
    贡献者1: 12×2
    贡献者2: 10×1 + 12×1
    贡献者3: 11×1 + 13×1
    贡献者4: 10×1 + 11×1
    贡献者5: 10×1 + 13×1

处理基因座 'FGA'，原始总峰高=817.0
  考虑201376种组合（去重后）...完成! 最小残差=0.3780
  调整后比例: [0.1571 0.1689 0.2261 0.2487 0.1992]
  贡献者基因型组合:
    贡献者1: 21×2
    贡献者2: 21×1 + 23×1
    贡献者3: 20×1 + 22×1
    贡献者4: 19×1 + 24×1
    贡献者5: 23×1 + 27×1

所有基因座处理完成，开始加权平均
最终混合比例: [0.1103 0.1252 0.2209 0.373  0.1707]
比例总和: 1.0000
步骤4: 记录优化结果
最终估计比例: [0.1103 0.1252 0.2209 0.373  0.1707]
比例总和: 1.0000
权重分布: [0.0577 0.0601 0.0545 0.0564 0.0755 0.0683 0.0802 0.0739 0.0653 0.0589
 0.0628 0.0579 0.0598 0.0527 0.0564 0.0595]
================================================================================
结束时间: 2025-06-01 23:35:51
结果已保存到: result/A05_RD14-0003-30_31_32_33_34-1;1;1;1;1-M3I22-0.315IP-Q1.3_001.5sec.fsa.log
