处理样本: A06_RD14-0003-49_50_29-1;4;1-M3I15-0.186IP-Q0.9_001.5sec.fsa
开始时间: 2025-06-01 23:08:43
================================================================================
步骤1: 生成基因座峰高矩阵
步骤2: 获取预测贡献者数量
  预测贡献者人数: 3
步骤3: 开始优化计算
开始按基因座优化，贡献者人数k=3
将使用第一个基因座作为全局参考基准

处理基因座 'D8S1179'，原始总峰高=598.0
  考虑56种组合（去重后）...完成! 最小残差=0.5774
  设为全局参考比例: [0.267  0.3043 0.4286]
  贡献者基因型组合:
    贡献者1: 15×2
    贡献者2: 10×1 + 15×1
    贡献者3: 10×1 + 13×1

处理基因座 'D21S11'，原始总峰高=462.0
  考虑680种组合（去重后）...完成! 最小残差=0.4497
  调整后比例: [0.1216 0.3331 0.5452]
  贡献者基因型组合:
    贡献者1: 29×2
    贡献者2: 28×1 + 31.2×1
    贡献者3: 32.2×1 + 33.2×1

处理基因座 'D7S820'，原始总峰高=462.0
  考虑56种组合（去重后）...完成! 最小残差=0.5774
  调整后比例: [0.1082 0.4178 0.474 ]
  贡献者基因型组合:
    贡献者1: 12×2
    贡献者2: 8×1 + 9×1
    贡献者3: 8×1 + 12×1

处理基因座 'CSF1PO'，原始总峰高=327.0
  考虑220种组合（去重后）...完成! 最小残差=0.5002
  调整后比例: [0.0901 0.3388 0.5711]
  贡献者基因型组合:
    贡献者1: 10×2
    贡献者2: 9×1 + 10×1
    贡献者3: 11×1 + 13×1

处理基因座 'D3S1358'，原始总峰高=592.0
  考虑56种组合（去重后）...完成! 最小残差=0.5774
  调整后比例: [0.2461 0.3542 0.3998]
  贡献者基因型组合:
    贡献者1: 18×2
    贡献者2: 16×2
    贡献者3: 17×2

处理基因座 'TH01'，原始总峰高=682.0
  考虑220种组合（去重后）...完成! 最小残差=0.5003
  调整后比例: [0.1143 0.357  0.5287]
  贡献者基因型组合:
    贡献者1: 7×1 + 9×1
    贡献者2: 8×1 + 9×1
    贡献者3: 6×1 + 7×1

处理基因座 'D13S317'，原始总峰高=654.0
  考虑56种组合（去重后）...完成! 最小残差=0.5774
  调整后比例: [0.2439 0.3685 0.3876]
  贡献者基因型组合:
    贡献者1: 13×2
    贡献者2: 11×2
    贡献者3: 12×2

处理基因座 'D16S539'，原始总峰高=621.0
  考虑220种组合（去重后）...完成! 最小残差=0.5001
  调整后比例: [0.1296 0.3405 0.5299]
  贡献者基因型组合:
    贡献者1: 12×1 + 13×1
    贡献者2: 10×1 + 12×1
    贡献者3: 11×1 + 13×1

处理基因座 'D2S1338'，原始总峰高=699.0
  考虑680种组合（去重后）...完成! 最小残差=0.4476
  调整后比例: [0.2732 0.3541 0.3726]
  贡献者基因型组合:
    贡献者1: 23×1 + 24×1
    贡献者2: 17×1 + 21×1
    贡献者3: 21×1 + 22×1

处理基因座 'D19S433'，原始总峰高=409.0
  考虑10种组合（去重后）...完成! 最小残差=0.7071
  调整后比例: [0.2234 0.2234 0.5532]
  贡献者基因型组合:
    贡献者1: 12×2
    贡献者2: 12×2
    贡献者3: 11×2

处理基因座 'vWA'，原始总峰高=409.0
  考虑56种组合（去重后）...完成! 最小残差=0.5774
  调整后比例: [0.0012 0.284  0.7147]
  贡献者基因型组合:
    贡献者1: 15×2
    贡献者2: 17×2
    贡献者3: 15×1 + 18×1

处理基因座 'TPOX'，原始总峰高=614.0
  考虑56种组合（去重后）...完成! 最小残差=0.5774
  调整后比例: [0.2277 0.3368 0.4354]
  贡献者基因型组合:
    贡献者1: 10×2
    贡献者2: 7×2
    贡献者3: 11×2

处理基因座 'D18S51'，原始总峰高=358.0
  考虑56种组合（去重后）...完成! 最小残差=0.5774
  调整后比例: [0.0252 0.432  0.5428]
  贡献者基因型组合:
    贡献者1: 16×1 + 20×1
    贡献者2: 16×2
    贡献者3: 12×1 + 20×1

处理基因座 'AMEL'，原始总峰高=592.0
  考虑4种组合（去重后）...完成! 最小残差=0.7096
  调整后比例: [0.  0.5 0.5]
  贡献者基因型组合:
    贡献者1: X×2
    贡献者2: X×1 + Y×1
    贡献者3: X×1 + Y×1

处理基因座 'D5S818'，原始总峰高=433.0
  考虑10种组合（去重后）...完成! 最小残差=0.7071
  调整后比例: [0.1527 0.1527 0.6946]
  贡献者基因型组合:
    贡献者1: 13×2
    贡献者2: 13×2
    贡献者3: 11×2

处理基因座 'FGA'，原始总峰高=299.0
  考虑680种组合（去重后）...完成! 最小残差=0.4477
  调整后比例: [0.2552 0.3157 0.4291]
  贡献者基因型组合:
    贡献者1: 22×1 + 28×1
    贡献者2: 19×2
    贡献者3: 23×1 + 24×1

所有基因座处理完成，开始加权平均
最终混合比例: [0.1586 0.3408 0.5006]
比例总和: 1.0000
步骤4: 记录优化结果
最终估计比例: [0.1586 0.3408 0.5006]
比例总和: 1.0000
权重分布: [0.068  0.0598 0.0598 0.0503 0.0677 0.0726 0.0711 0.0693 0.0735 0.0563
 0.0563 0.0689 0.0526 0.0677 0.0579 0.0481]
================================================================================
结束时间: 2025-06-01 23:08:46
结果已保存到: result/A06_RD14-0003-49_50_29-1;4;1-M3I15-0.186IP-Q0.9_001.5sec.fsa.log
