处理样本: A07_RD14-0003-31_32_33_34_35-1;1;2;9;1-M3d-0.21IP-Q1.8_001.5sec.fsa
开始时间: 2025-06-01 23:35:51
================================================================================
步骤1: 生成基因座峰高矩阵
步骤2: 获取预测贡献者数量
  预测贡献者人数: 3
步骤3: 开始优化计算
开始按基因座优化，贡献者人数k=3
将使用第一个基因座作为全局参考基准

处理基因座 'D8S1179'，原始总峰高=366.0
  考虑220种组合（去重后）...完成! 最小残差=0.5004
  设为全局参考比例: [0.2821 0.3504 0.3675]
  贡献者基因型组合:
    贡献者1: 12×2
    贡献者2: 11×2
    贡献者3: 10×1 + 13×1

处理基因座 'D21S11'，原始总峰高=187.0
  考虑220种组合（去重后）...完成! 最小残差=0.5000
  调整后比例: [0.313  0.3257 0.3613]
  贡献者基因型组合:
    贡献者1: 31.2×1 + 35×1
    贡献者2: 28×2
    贡献者3: 29×1 + 31.2×1

处理基因座 'D7S820'，原始总峰高=79.0
  考虑220种组合（去重后）...完成! 最小残差=0.5007
  调整后比例: [0.2326 0.3323 0.4351]
  贡献者基因型组合:
    贡献者1: 8×2
    贡献者2: 11×1 + 13×1
    贡献者3: 9×2

处理基因座 'CSF1PO'，原始总峰高=105.0
  考虑220种组合（去重后）...完成! 最小残差=0.5000
  调整后比例: [0.0048 0.2976 0.6976]
  贡献者基因型组合:
    贡献者1: 8×2
    贡献者2: 7×1 + 8×1
    贡献者3: 11×1 + 12×1

处理基因座 'D3S1358'，原始总峰高=346.0
  考虑1种组合（去重后）...完成! 最小残差=1.0000
  调整后比例: [0.3333 0.3333 0.3333]
  贡献者基因型组合:
    贡献者1: 15×2
    贡献者2: 15×2
    贡献者3: 15×2

处理基因座 'TH01'，原始总峰高=204.0
  考虑56种组合（去重后）...完成! 最小残差=0.5774
  调整后比例: [0.2255 0.3578 0.4167]
  贡献者基因型组合:
    贡献者1: 7×1 + 8×1
    贡献者2: 8×1 + 9.3×1
    贡献者3: 7×1 + 9.3×1

处理基因座 'D13S317'，原始总峰高=210.0
  考虑10种组合（去重后）...完成! 最小残差=0.7071
  调整后比例: [0.1917 0.2165 0.5917]
  贡献者基因型组合:
    贡献者1: 13×2
    贡献者2: 11×1 + 13×1
    贡献者3: 11×2

处理基因座 'D16S539'，原始总峰高=182.0
  考虑10种组合（去重后）...完成! 最小残差=0.7071
  调整后比例: [0.25   0.3131 0.4368]
  贡献者基因型组合:
    贡献者1: 8×2
    贡献者2: 8×1 + 12×1
    贡献者3: 12×2

处理基因座 'D2S1338'，原始总峰高=110.0
  考虑56种组合（去重后）...完成! 最小残差=0.5774
  调整后比例: [0.1727 0.3394 0.4879]
  贡献者基因型组合:
    贡献者1: 17×1 + 19×1
    贡献者2: 19×2
    贡献者3: 17×1 + 20×1

处理基因座 'D19S433'，原始总峰高=298.0
  考虑56种组合（去重后）...完成! 最小残差=0.5774
  调整后比例: [0.1846 0.2204 0.5951]
  贡献者基因型组合:
    贡献者1: 13×2
    贡献者2: 11×2
    贡献者3: 13×1 + 13.2×1

处理基因座 'vWA'，原始总峰高=171.0
  考虑220种组合（去重后）...完成! 最小残差=0.5001
  调整后比例: [0.1697 0.3158 0.5145]
  贡献者基因型组合:
    贡献者1: 15×2
    贡献者2: 17×1 + 20×1
    贡献者3: 17×1 + 18×1

处理基因座 'TPOX'，原始总峰高=196.0
  考虑220种组合（去重后）...完成! 最小残差=0.5014
  调整后比例: [0.1969 0.2894 0.5136]
  贡献者基因型组合:
    贡献者1: 8×2
    贡献者2: 9×1 + 11×1
    贡献者3: 11×1 + 12×1

处理基因座 'D18S51'，原始总峰高=134.0
  考虑220种组合（去重后）...完成! 最小残差=0.5000
  调整后比例: [0.2985 0.3395 0.362 ]
  贡献者基因型组合:
    贡献者1: 14×1 + 19×1
    贡献者2: 18×1 + 19×1
    贡献者3: 14×1 + 20×1

处理基因座 'AMEL'，原始总峰高=260.0
  考虑4种组合（去重后）...完成! 最小残差=0.7071
  调整后比例: [0.0692 0.0692 0.8615]
  贡献者基因型组合:
    贡献者1: X×2
    贡献者2: X×2
    贡献者3: X×1 + Y×1

处理基因座 'D5S818'，原始总峰高=261.0
  考虑56种组合（去重后）...完成! 最小残差=0.5774
  调整后比例: [0.1686 0.341  0.4904]
  贡献者基因型组合:
    贡献者1: 12×1 + 13×1
    贡献者2: 13×2
    贡献者3: 11×1 + 12×1

处理基因座 'FGA'，原始总峰高=135.0
  考虑220种组合（去重后）...完成! 最小残差=0.5004
  调整后比例: [0.1643 0.3919 0.4438]
  贡献者基因型组合:
    贡献者1: 21.2×2
    贡献者2: 23×1 + 24×1
    贡献者3: 20×1 + 24×1

所有基因座处理完成，开始加权平均
最终混合比例: [0.2086 0.298  0.4934]
比例总和: 1.0000
步骤4: 记录优化结果
最终估计比例: [0.2086 0.298  0.4934]
比例总和: 1.0000
权重分布: [0.0857 0.0613 0.0398 0.0459 0.0834 0.064  0.065  0.0605 0.047  0.0774
 0.0586 0.0627 0.0519 0.0723 0.0724 0.0521]
================================================================================
结束时间: 2025-06-01 23:35:53
结果已保存到: result/A07_RD14-0003-31_32_33_34_35-1;1;2;9;1-M3d-0.21IP-Q1.8_001.5sec.fsa.log
