处理样本: A09_RD14-0003-49_50_29-1;4;1-M3e-0.186IP-Q1.6_001.5sec.fsa
开始时间: 2025-06-01 23:40:39
================================================================================
步骤1: 生成基因座峰高矩阵
步骤2: 获取预测贡献者数量
  预测贡献者人数: 3
步骤3: 开始优化计算
开始按基因座优化，贡献者人数k=3
将使用第一个基因座作为全局参考基准

处理基因座 'D8S1179'，原始总峰高=168.0
  考虑56种组合（去重后）...完成! 最小残差=0.5774
  设为全局参考比例: [0.3512 0.4762 0.1726]
  贡献者基因型组合:
    贡献者1: 15×2
    贡献者2: 10×1 + 13×1
    贡献者3: 10×2

处理基因座 'D21S11'，原始总峰高=95.0
  考虑56种组合（去重后）...完成! 最小残差=0.5774
  调整后比例: [0.3772 0.3982 0.2246]
  贡献者基因型组合:
    贡献者1: 32.2×2
    贡献者2: 33.2×2
    贡献者3: 31.2×2

处理基因座 'D7S820'，原始总峰高=71.0
  考虑56种组合（去重后）...完成! 最小残差=0.5774
  调整后比例: [0.3709 0.6149 0.0142]
  贡献者基因型组合:
    贡献者1: 12×2
    贡献者2: 8×1 + 9×1
    贡献者3: 9×1 + 12×1

处理基因座 'CSF1PO'，原始总峰高=85.0
  考虑56种组合（去重后）...完成! 最小残差=0.5774
  调整后比例: [0.3372 0.4314 0.2314]
  贡献者基因型组合:
    贡献者1: 11×2
    贡献者2: 13×2
    贡献者3: 10×2

处理基因座 'D3S1358'，原始总峰高=255.0
  考虑56种组合（去重后）...完成! 最小残差=0.5774
  调整后比例: [0.2333 0.7529 0.0137]
  贡献者基因型组合:
    贡献者1: 18×2
    贡献者2: 16×1 + 17×1
    贡献者3: 17×2

处理基因座 'TH01'，原始总峰高=346.0
  考虑220种组合（去重后）...完成! 最小残差=0.5007
  调整后比例: [0.3439 0.5203 0.1358]
  贡献者基因型组合:
    贡献者1: 7×1 + 9×1
    贡献者2: 6×1 + 8×1
    贡献者3: 6×1 + 7×1

处理基因座 'D13S317'，原始总峰高=148.0
  考虑220种组合（去重后）...完成! 最小残差=0.5002
  调整后比例: [0.311 0.652 0.037]
  贡献者基因型组合:
    贡献者1: 8×1 + 13×1
    贡献者2: 11×1 + 12×1
    贡献者3: 13×2

处理基因座 'D16S539'，原始总峰高=165.0
  考虑56种组合（去重后）...完成! 最小残差=0.5774
  调整后比例: [0.3545 0.3909 0.2545]
  贡献者基因型组合:
    贡献者1: 12×2
    贡献者2: 13×2
    贡献者3: 11×2

处理基因座 'D2S1338'，原始总峰高=143.0
  考虑220种组合（去重后）...完成! 最小残差=0.5000
  调整后比例: [0.3293 0.4062 0.2645]
  贡献者基因型组合:
    贡献者1: 21×1 + 26×1
    贡献者2: 21×1 + 24×1
    贡献者3: 22×2

处理基因座 'D19S433'，原始总峰高=385.0
  考虑220种组合（去重后）...完成! 最小残差=0.5005
  调整后比例: [0.3409 0.5461 0.113 ]
  贡献者基因型组合:
    贡献者1: 13×1 + 15×1
    贡献者2: 11×1 + 12×1
    贡献者3: 11×2

处理基因座 'vWA'，原始总峰高=184.0
  考虑56种组合（去重后）...完成! 最小残差=0.5774
  调整后比例: [0.288  0.4583 0.2536]
  贡献者基因型组合:
    贡献者1: 15×1 + 18×1
    贡献者2: 17×1 + 18×1
    贡献者3: 15×2

处理基因座 'TPOX'，原始总峰高=185.0
  考虑56种组合（去重后）...完成! 最小残差=0.5774
  调整后比例: [0.3748 0.4577 0.1676]
  贡献者基因型组合:
    贡献者1: 11×2
    贡献者2: 7×1 + 10×1
    贡献者3: 7×1 + 11×1

处理基因座 'D18S51'，原始总峰高=110.0
  考虑220种组合（去重后）...完成! 最小残差=0.5000
  调整后比例: [0.3397 0.3943 0.2659]
  贡献者基因型组合:
    贡献者1: 16×1 + 18×1
    贡献者2: 14×1 + 16×1
    贡献者3: 20×2

处理基因座 'AMEL'，原始总峰高=266.0
  考虑4种组合（去重后）...完成! 最小残差=0.7091
  调整后比例: [0. 1. 0.]
  贡献者基因型组合:
    贡献者1: X×2
    贡献者2: X×1 + Y×1
    贡献者3: X×2

处理基因座 'D5S818'，原始总峰高=211.0
  考虑10种组合（去重后）...完成! 最小残差=0.7071
  调整后比例: [0.2349 0.5638 0.2013]
  贡献者基因型组合:
    贡献者1: 11×1 + 12×1
    贡献者2: 11×2
    贡献者3: 12×2

处理基因座 'FGA'，原始总峰高=162.0
  考虑56种组合（去重后）...完成! 最小残差=0.5774
  调整后比例: [0.4136 0.4877 0.0988]
  贡献者基因型组合:
    贡献者1: 19×2
    贡献者2: 23×1 + 24×1
    贡献者3: 19×1 + 23×1

所有基因座处理完成，开始加权平均
最终混合比例: [0.3046 0.5487 0.1467]
比例总和: 1.0000
步骤4: 记录优化结果
最终估计比例: [0.3046 0.5487 0.1467]
比例总和: 1.0000
权重分布: [0.0609 0.0458 0.0396 0.0433 0.0751 0.0874 0.0572 0.0604 0.0562 0.0922
 0.0638 0.0639 0.0493 0.0767 0.0683 0.0598]
================================================================================
结束时间: 2025-06-01 23:40:40
结果已保存到: result/A09_RD14-0003-49_50_29-1;4;1-M3e-0.186IP-Q1.6_001.5sec.fsa.log
