处理样本: A09_RD14-0003-36_37_38_39_40-1;9;9;9;1-M2d-0.5IP-Q1.6_001.5sec.fsa
开始时间: 2025-06-01 23:35:53
================================================================================
步骤1: 生成基因座峰高矩阵
步骤2: 获取预测贡献者数量
  预测贡献者人数: 5
步骤3: 开始优化计算
开始按基因座优化，贡献者人数k=5
将使用第一个基因座作为全局参考基准

处理基因座 'D8S1179'，原始总峰高=944.0
  考虑11628种组合（去重后）...完成! 最小残差=0.4472
  设为全局参考比例: [0.3165 0.0489 0.3451 0.2157 0.0737]
  贡献者基因型组合:
    贡献者1: 13×1 + 15×1
    贡献者2: 13×1 + 14×1
    贡献者3: 12×1 + 13×1
    贡献者4: 10×1 + 14×1
    贡献者5: 10×2

处理基因座 'D21S11'，原始总峰高=436.0
  考虑2002种组合（去重后）...完成! 最小残差=0.5000
  调整后比例: [0.1995 0.1643 0.2446 0.1972 0.1944]
  贡献者基因型组合:
    贡献者1: 31.2×2
    贡献者2: 28×2
    贡献者3: 30×2
    贡献者4: 29×2
    贡献者5: 28×1 + 30×1

处理基因座 'D7S820'，原始总峰高=313.0
  考虑2002种组合（去重后）...完成! 最小残差=0.5000
  调整后比例: [0.2232 0.1617 0.2309 0.194  0.1902]
  贡献者基因型组合:
    贡献者1: 8×2
    贡献者2: 9×2
    贡献者3: 11×2
    贡献者4: 11×1 + 12×1
    贡献者5: 8×1 + 12×1

处理基因座 'CSF1PO'，原始总峰高=228.0
  考虑252种组合（去重后）...完成! 最小残差=0.5774
  调整后比例: [0.2689 0.085  0.4539 0.0961 0.0961]
  贡献者基因型组合:
    贡献者1: 12×2
    贡献者2: 11×1 + 12×1
    贡献者3: 10×2
    贡献者4: 11×2
    贡献者5: 11×2

处理基因座 'D3S1358'，原始总峰高=1013.0
  考虑2002种组合（去重后）...完成! 最小残差=0.5000
  调整后比例: [0.2114 0.0165 0.554  0.2015 0.0165]
  贡献者基因型组合:
    贡献者1: 15×2
    贡献者2: 17×2
    贡献者3: 14×1 + 17×1
    贡献者4: 16×2
    贡献者5: 17×2

处理基因座 'TH01'，原始总峰高=1119.0
  考虑2002种组合（去重后）...完成! 最小残差=0.5000
  调整后比例: [0.2675 0.1337 0.2977 0.1558 0.1453]
  贡献者基因型组合:
    贡献者1: 6×2
    贡献者2: 9.3×2
    贡献者3: 7×2
    贡献者4: 8×2
    贡献者5: 7×1 + 9.3×1

处理基因座 'D13S317'，原始总峰高=774.0
  考虑2002种组合（去重后）...完成! 最小残差=0.5000
  调整后比例: [0.279  0.0624 0.3634 0.2307 0.0645]
  贡献者基因型组合:
    贡献者1: 9×1 + 11×1
    贡献者2: 11×2
    贡献者3: 12×2
    贡献者4: 9×1 + 10×1
    贡献者5: 10×2

处理基因座 'D16S539'，原始总峰高=529.0
  考虑2002种组合（去重后）...完成! 最小残差=0.5000
  调整后比例: [0.2507 0.123  0.3017 0.2016 0.123 ]
  贡献者基因型组合:
    贡献者1: 9×1 + 13×1
    贡献者2: 11×2
    贡献者3: 12×1 + 13×1
    贡献者4: 9×1 + 12×1
    贡献者5: 11×2

处理基因座 'D2S1338'，原始总峰高=504.0
  考虑2002种组合（去重后）...完成! 最小残差=0.5000
  调整后比例: [0.2978 0.1129 0.2995 0.1489 0.1409]
  贡献者基因型组合:
    贡献者1: 16×1 + 18×1
    贡献者2: 18×1 + 20×1
    贡献者3: 16×1 + 19×1
    贡献者4: 20×2
    贡献者5: 19×2

处理基因座 'D19S433'，原始总峰高=1149.0
  考虑252种组合（去重后）...完成! 最小残差=0.5774
  调整后比例: [0.1471 0.0705 0.5648 0.1471 0.0705]
  贡献者基因型组合:
    贡献者1: 14×1 + 14.2×1
    贡献者2: 13×1 + 14.2×1
    贡献者3: 13×1 + 14×1
    贡献者4: 14×1 + 14.2×1
    贡献者5: 13×1 + 14.2×1

处理基因座 'vWA'，原始总峰高=552.0
  考虑11628种组合（去重后）...完成! 最小残差=0.4472
  调整后比例: [0.2431 0.1096 0.2888 0.2033 0.1553]
  贡献者基因型组合:
    贡献者1: 16×2
    贡献者2: 18×2
    贡献者3: 18×1 + 19×1
    贡献者4: 17×2
    贡献者5: 15×2

处理基因座 'TPOX'，原始总峰高=630.0
  考虑2002种组合（去重后）...完成! 最小残差=0.5000
  调整后比例: [0.2179 0.0942 0.3893 0.2044 0.0942]
  贡献者基因型组合:
    贡献者1: 12×2
    贡献者2: 10×2
    贡献者3: 8×2
    贡献者4: 11×2
    贡献者5: 10×2

处理基因座 'D18S51'，原始总峰高=385.0
  考虑53130种组合（去重后）...完成! 最小残差=0.4082
  调整后比例: [0.229  0.0416 0.4056 0.2134 0.1104]
  贡献者基因型组合:
    贡献者1: 12×1 + 20×1
    贡献者2: 13×1 + 20×1
    贡献者3: 15×1 + 17×1
    贡献者4: 13×1 + 14×1
    贡献者5: 15×2

处理基因座 'AMEL'，原始总峰高=1004.0
  考虑6种组合（去重后）...完成! 最小残差=0.7093
  调整后比例: [0. 0. 1. 0. 0.]
  贡献者基因型组合:
    贡献者1: X×2
    贡献者2: X×2
    贡献者3: X×1 + Y×1
    贡献者4: X×2
    贡献者5: X×2

处理基因座 'D5S818'，原始总峰高=681.0
  考虑2002种组合（去重后）...完成! 最小残差=0.5000
  调整后比例: [0.2028 0.1478 0.266  0.1954 0.1881]
  贡献者基因型组合:
    贡献者1: 11×2
    贡献者2: 10×2
    贡献者3: 13×2
    贡献者4: 11×1 + 12×1
    贡献者5: 12×2

处理基因座 'FGA'，原始总峰高=443.0
  考虑2002种组合（去重后）...完成! 最小残差=0.5000
  调整后比例: [0.169  0.0823 0.4986 0.1679 0.0823]
  贡献者基因型组合:
    贡献者1: 22.2×2
    贡献者2: 21×2
    贡献者3: 22×2
    贡献者4: 25×2
    贡献者5: 21×2

所有基因座处理完成，开始加权平均
最终混合比例: [0.2161 0.0864 0.4229 0.1717 0.1028]
比例总和: 1.0000
步骤4: 记录优化结果
最终估计比例: [0.2161 0.0864 0.4229 0.1717 0.1028]
比例总和: 1.0000
权重分布: [0.0761 0.0517 0.0438 0.0374 0.0788 0.0828 0.0689 0.0569 0.0556 0.0839
 0.0582 0.0621 0.0486 0.0785 0.0646 0.0521]
================================================================================
结束时间: 2025-06-01 23:38:32
结果已保存到: result/A09_RD14-0003-36_37_38_39_40-1;9;9;9;1-M2d-0.5IP-Q1.6_001.5sec.fsa.log
