处理样本: A10_RD14-0003-48_49_50_29-1;4;4;4-M2a-0.5IP-Q0.4_001.5sec.fsa
开始时间: 2025-06-01 23:40:01
================================================================================
步骤1: 生成基因座峰高矩阵
步骤2: 获取预测贡献者数量
  预测贡献者人数: 4
步骤3: 开始优化计算
开始按基因座优化，贡献者人数k=4
将使用第一个基因座作为全局参考基准

处理基因座 'D8S1179'，原始总峰高=2464.0
  考虑3060种组合（去重后）...完成! 最小残差=0.4472
  设为全局参考比例: [0.1497 0.3335 0.0276 0.4892]
  贡献者基因型组合:
    贡献者1: 14×2
    贡献者2: 12×1 + 13×1
    贡献者3: 12×2
    贡献者4: 10×1 + 15×1

处理基因座 'D21S11'，原始总峰高=2297.0
  考虑3060种组合（去重后）...完成! 最小残差=0.4472
  调整后比例: [0.1603 0.338  0.0311 0.4706]
  贡献者基因型组合:
    贡献者1: 33.2×2
    贡献者2: 28×1 + 29×1
    贡献者3: 28×2
    贡献者4: 31.2×1 + 32.2×1

处理基因座 'D7S820'，原始总峰高=1572.0
  考虑126种组合（去重后）...完成! 最小残差=0.5774
  调整后比例: [0.2338 0.252  0.2238 0.2903]
  贡献者基因型组合:
    贡献者1: 8×2
    贡献者2: 9×1 + 12×1
    贡献者3: 8×1 + 9×1
    贡献者4: 12×2

处理基因座 'CSF1PO'，原始总峰高=2448.0
  考虑715种组合（去重后）...完成! 最小残差=0.5000
  调整后比例: [0.2092 0.2259 0.1989 0.366 ]
  贡献者基因型组合:
    贡献者1: 9×2
    贡献者2: 11×2
    贡献者3: 10×2
    贡献者4: 10×1 + 13×1

处理基因座 'D3S1358'，原始总峰高=2781.0
  考虑715种组合（去重后）...完成! 最小残差=0.5000
  调整后比例: [0.0678 0.3791 0.0331 0.52  ]
  贡献者基因型组合:
    贡献者1: 18×2
    贡献者2: 14×1 + 16×1
    贡献者3: 16×1 + 17×1
    贡献者4: 17×1 + 18×1

处理基因座 'TH01'，原始总峰高=3433.0
  考虑715种组合（去重后）...完成! 最小残差=0.5000
  调整后比例: [0.1496 0.4096 0.0051 0.4357]
  贡献者基因型组合:
    贡献者1: 6×1 + 9×1
    贡献者2: 6×1 + 8×1
    贡献者3: 6×1 + 7×1
    贡献者4: 7×1 + 9×1

处理基因座 'D13S317'，原始总峰高=3258.0
  考虑126种组合（去重后）...完成! 最小残差=0.5774
  调整后比例: [0.1125 0.3829 0.1125 0.3921]
  贡献者基因型组合:
    贡献者1: 13×2
    贡献者2: 11×2
    贡献者3: 13×2
    贡献者4: 12×2

处理基因座 'D16S539'，原始总峰高=3066.0
  考虑715种组合（去重后）...完成! 最小残差=0.5000
  调整后比例: [0.017  0.3964 0.0111 0.5755]
  贡献者基因型组合:
    贡献者1: 12×2
    贡献者2: 10×1 + 12×1
    贡献者3: 11×2
    贡献者4: 11×1 + 13×1

处理基因座 'D2S1338'，原始总峰高=2481.0
  考虑3060种组合（去重后）...完成! 最小残差=0.4472
  调整后比例: [0.2649 0.3381 0.0163 0.3807]
  贡献者基因型组合:
    贡献者1: 17×2
    贡献者2: 21×1 + 22×1
    贡献者3: 22×1 + 24×1
    贡献者4: 23×1 + 24×1

处理基因座 'D19S433'，原始总峰高=2485.0
  考虑3060种组合（去重后）...完成! 最小残差=0.4473
  调整后比例: [0.2298 0.362  0.0182 0.39  ]
  贡献者基因型组合:
    贡献者1: 12×2
    贡献者2: 11×1 + 13×1
    贡献者3: 13×1 + 15×1
    贡献者4: 14×1 + 15×1

处理基因座 'vWA'，原始总峰高=2344.0
  考虑3060种组合（去重后）...完成! 最小残差=0.4472
  调整后比例: [0.2135 0.2926 0.1237 0.3702]
  贡献者基因型组合:
    贡献者1: 18×2
    贡献者2: 16×1 + 17×1
    贡献者3: 17×2
    贡献者4: 15×1 + 19×1

处理基因座 'TPOX'，原始总峰高=2072.0
  考虑126种组合（去重后）...完成! 最小残差=0.5774
  调整后比例: [0.19   0.243  0.1806 0.3864]
  贡献者基因型组合:
    贡献者1: 10×2
    贡献者2: 7×1 + 11×1
    贡献者3: 7×1 + 10×1
    贡献者4: 11×2

处理基因座 'D18S51'，原始总峰高=1801.0
  考虑10626种组合（去重后）...完成! 最小残差=0.4083
  调整后比例: [0.3024 0.3313 0.025  0.3413]
  贡献者基因型组合:
    贡献者1: 12×1 + 17×1
    贡献者2: 16×1 + 20×1
    贡献者3: 12×1 + 13×1
    贡献者4: 13×1 + 14×1

处理基因座 'AMEL'，原始总峰高=2391.0
  考虑5种组合（去重后）...完成! 最小残差=0.7140
  调整后比例: [0.3333 0.3333 0.     0.3333]
  贡献者基因型组合:
    贡献者1: X×1 + Y×1
    贡献者2: X×1 + Y×1
    贡献者3: X×2
    贡献者4: X×1 + Y×1

处理基因座 'D5S818'，原始总峰高=1917.0
  考虑126种组合（去重后）...完成! 最小残差=0.5774
  调整后比例: [0.1535 0.2566 0.0756 0.5143]
  贡献者基因型组合:
    贡献者1: 11×1 + 13×1
    贡献者2: 13×2
    贡献者3: 11×2
    贡献者4: 11×1 + 12×1

处理基因座 'FGA'，原始总峰高=1730.0
  考虑715种组合（去重后）...完成! 最小残差=0.5000
  调整后比例: [0.2584 0.2834 0.1724 0.2858]
  贡献者基因型组合:
    贡献者1: 23×1 + 24×1
    贡献者2: 19×2
    贡献者3: 23×2
    贡献者4: 24×1 + 27×1

所有基因座处理完成，开始加权平均
最终混合比例: [0.1853 0.3269 0.0744 0.4134]
比例总和: 1.0000
步骤4: 记录优化结果
最终估计比例: [0.1853 0.3269 0.0744 0.4134]
比例总和: 1.0000
权重分布: [0.0636 0.0614 0.0508 0.0634 0.0675 0.075  0.0731 0.0709 0.0638 0.0638
 0.062  0.0583 0.0544 0.0626 0.0561 0.0533]
================================================================================
结束时间: 2025-06-01 23:40:39
结果已保存到: result/A10_RD14-0003-48_49_50_29-1;4;4;4-M2a-0.5IP-Q0.4_001.5sec.fsa.log
